mode: set
github.com/davidxchen/bookings/internal/forms/errors.go:6.44,8.2 1 1
github.com/davidxchen/bookings/internal/forms/errors.go:11.42,13.18 2 1
github.com/davidxchen/bookings/internal/forms/errors.go:13.18,15.3 1 1
github.com/davidxchen/bookings/internal/forms/errors.go:17.2,17.14 1 1
github.com/davidxchen/bookings/internal/forms/forms.go:17.29,19.2 1 1
github.com/davidxchen/bookings/internal/forms/forms.go:22.33,27.2 1 1
github.com/davidxchen/bookings/internal/forms/forms.go:30.43,31.31 1 1
github.com/davidxchen/bookings/internal/forms/forms.go:31.31,33.37 2 1
github.com/davidxchen/bookings/internal/forms/forms.go:33.37,35.4 1 1
github.com/davidxchen/bookings/internal/forms/forms.go:40.57,42.21 2 1
github.com/davidxchen/bookings/internal/forms/forms.go:42.21,46.3 2 1
github.com/davidxchen/bookings/internal/forms/forms.go:48.2,48.13 1 1
github.com/davidxchen/bookings/internal/forms/forms.go:52.39,54.13 2 1
github.com/davidxchen/bookings/internal/forms/forms.go:54.13,56.3 1 1
github.com/davidxchen/bookings/internal/forms/forms.go:58.2,58.13 1 1
github.com/davidxchen/bookings/internal/forms/forms.go:62.38,63.40 1 1
github.com/davidxchen/bookings/internal/forms/forms.go:63.40,65.3 1 1
